<?xml version="1.0" encoding="UTF-8"?>
<!-- Generated by org.testng.reporters.JUnitXMLReporter -->
<testsuite ignored="0" hostname="DESKTOP-UVAQQE9" failures="0" tests="6" name="Test" time="50.915" errors="0" timestamp="2026-07-21T09:57:37 IST">
  <testcase classname="testCases.TC001_AccountRegistrationTest" name="verify_account_registration" time="1.884"/>
  <testcase classname="testCases.TC003_LoginDDT" name="verify_loginDDT" time="4.59"/>
  <testcase classname="testCases.TC003_LoginDDT" name="verify_loginDDT" time="4.506"/>
  <testcase classname="testCases.TC003_LoginDDT" name="verify_loginDDT" time="4.793"/>
  <testcase classname="testCases.TC003_LoginDDT" name="verify_loginDDT" time="14.483"/>
  <testcase classname="testCases.TC003_LoginDDT" name="verify_loginDDT" time="13.492"/>
</testsuite> <!-- Test -->
