<?xml version="1.0" encoding="UTF-8"?>
<!-- Generated by org.testng.reporters.JUnitXMLReporter -->
<testsuite ignored="0" hostname="DESKTOP-UVAQQE9" failures="0" tests="3" name="Test" time="26.333" errors="0" timestamp="2026-07-21T09:46:01 IST">
  <testcase classname="testCases.TC002_LoginTest" name="invalidlogin" time="1.352"/>
  <testcase classname="testCases.TC002_LoginTest" name="accountLogin" time="1.332"/>
  <testcase classname="testCases.TC001_AccountRegistrationTest" name="verify_account_registration" time="2.212"/>
</testsuite> <!-- Test -->
