<?xml version="1.0" encoding="UTF-8"?>
<!-- Generated by org.testng.reporters.JUnitReportReporter -->
<testsuite hostname="DESKTOP-UVAQQE9" failures="0" tests="5" name="testCases.TC003_LoginDDT" time="41.864" errors="0" timestamp="2026-07-21T09:57:37 IST" skipped="0">
  <testcase classname="testCases.TC003_LoginDDT" name="verify_loginDDT" time="4.590"/>
  <testcase classname="testCases.TC003_LoginDDT" name="verify_loginDDT" time="4.506"/>
  <testcase classname="testCases.TC003_LoginDDT" name="verify_loginDDT" time="14.483"/>
  <testcase classname="testCases.TC003_LoginDDT" name="verify_loginDDT" time="13.492"/>
  <testcase classname="testCases.TC003_LoginDDT" name="verify_loginDDT" time="4.793"/>
</testsuite> <!-- testCases.TC003_LoginDDT -->
